TN:
SF:js\src\alert.js
FN:48,(anonymous_0)
FN:54,(anonymous_1)
FN:67,(anonymous_2)
FN:71,(anonymous_3)
FN:75,(anonymous_4)
FN:85,(anonymous_5)
FN:89,(anonymous_6)
FN:99,(anonymous_7)
FN:100,(anonymous_8)
FN:113,(anonymous_9)
FN:114,(anonymous_10)
FNF:11
FNH:11
FNDA:16,(anonymous_0)
FNDA:6,(anonymous_1)
FNDA:3,(anonymous_2)
FNDA:6,(anonymous_3)
FNDA:5,(anonymous_4)
FNDA:1,(anonymous_5)
FNDA:5,(anonymous_6)
FNDA:3,(anonymous_7)
FNDA:3,(anonymous_8)
FNDA:1,(anonymous_9)
FNDA:2,(anonymous_10)
DA:24,1
DA:25,1
DA:26,1
DA:27,1
DA:29,1
DA:31,1
DA:32,1
DA:33,1
DA:35,1
DA:36,1
DA:37,1
DA:49,16
DA:55,6
DA:56,6
DA:58,6
DA:59,1
DA:62,5
DA:68,3
DA:72,6
DA:76,5
DA:78,5
DA:79,4
DA:80,4
DA:83,1
DA:85,1
DA:86,1
DA:90,5
DA:91,5
DA:94,5
DA:100,3
DA:101,3
DA:103,3
DA:104,2
DA:107,3
DA:108,2
DA:114,1
DA:115,2
DA:116,2
DA:119,2
DA:129,1
DA:138,1
LF:41
LH:41
BRDA:55,0,0,3
BRDA:55,0,1,3
BRDA:58,1,0,1
BRDA:58,1,1,5
BRDA:58,2,0,6
BRDA:58,2,1,6
BRDA:68,3,0,3
BRDA:68,3,1,2
BRDA:78,4,0,4
BRDA:78,4,1,1
BRDA:90,5,0,5
BRDA:90,5,1,0
BRDA:103,6,0,2
BRDA:103,6,1,1
BRDA:107,7,0,2
BRDA:107,7,1,1
BRDA:115,8,0,2
BRDA:115,8,1,0
BRF:18
BRH:16
end_of_record
TN:
SF:js\src\base-component.js
FN:19,(anonymous_0)
FN:28,(anonymous_1)
FN:35,(anonymous_2)
FN:39,(anonymous_3)
FNF:4
FNH:4
FNDA:349,(anonymous_0)
FNDA:15,(anonymous_1)
FNDA:81,(anonymous_2)
FNDA:11,(anonymous_3)
DA:16,11
DA:20,349
DA:21,1
DA:24,348
DA:25,348
DA:29,15
DA:30,15
DA:36,81
DA:40,11
LF:9
LH:9
BRDA:20,0,0,1
BRDA:20,0,1,348
BRF:2
BRH:2
end_of_record
TN:
SF:js\src\button.js
FN:39,(anonymous_0)
FN:45,(anonymous_1)
FN:52,(anonymous_2)
FN:53,(anonymous_3)
FN:73,(anonymous_4)
FNF:5
FNH:5
FNDA:16,(anonymous_0)
FNDA:5,(anonymous_1)
FNDA:3,(anonymous_2)
FNDA:3,(anonymous_3)
FNDA:3,(anonymous_4)
DA:19,1
DA:20,1
DA:21,1
DA:22,1
DA:24,1
DA:26,1
DA:28,1
DA:40,16
DA:47,5
DA:53,3
DA:54,3
DA:56,3
DA:57,2
DA:60,3
DA:61,2
DA:73,1
DA:74,3
DA:76,3
DA:78,3
DA:79,3
DA:80,2
DA:83,3
DA:93,1
LF:23
LH:23
BRDA:56,0,0,2
BRDA:56,0,1,1
BRDA:60,1,0,2
BRDA:60,1,1,1
BRDA:79,2,0,2
BRDA:79,2,1,1
BRF:6
BRH:6
end_of_record
TN:
SF:js\src\carousel.js
FN:105,(anonymous_0)
FN:127,(anonymous_1)
FN:131,(anonymous_2)
FN:137,(anonymous_3)
FN:143,(anonymous_4)
FN:151,(anonymous_5)
FN:157,(anonymous_6)
FN:171,(anonymous_7)
FN:191,(anonymous_8)
FN:200,(anonymous_9)
FN:217,(anonymous_10)
FN:232,(anonymous_11)
FN:241,(anonymous_12)
FN:271,(anonymous_13)
FN:273,(anonymous_14)
FN:277,(anonymous_15)
FN:278,(anonymous_16)
FN:286,(anonymous_17)
FN:287,(anonymous_18)
FN:295,(anonymous_19)
FN:304,(anonymous_20)
FN:324,(anonymous_21)
FN:328,(anonymous_22)
FN:329,(anonymous_23)
FN:333,(anonymous_24)
FN:334,(anonymous_25)
FN:338,(anonymous_26)
FN:339,(anonymous_27)
FN:340,(anonymous_28)
FN:344,(anonymous_29)
FN:366,(anonymous_30)
FN:374,(anonymous_31)
FN:394,(anonymous_32)
FN:406,(anonymous_33)
FN:424,(anonymous_34)
FN:441,(anonymous_35)
FN:487,(anonymous_36)
FN:495,(anonymous_37)
FN:526,(anonymous_38)
FN:560,(anonymous_39)
FN:561,(anonymous_40)
FN:566,(anonymous_41)
FN:601,(anonymous_42)
FNF:43
FNH:31
FNDA:40,(anonymous_0)
FNDA:1,(anonymous_1)
FNDA:47,(anonymous_2)
FNDA:11,(anonymous_3)
FNDA:1,(anonymous_4)
FNDA:5,(anonymous_5)
FNDA:4,(anonymous_6)
FNDA:6,(anonymous_7)
FNDA:7,(anonymous_8)
FNDA:1,(anonymous_9)
FNDA:1,(anonymous_10)
FNDA:40,(anonymous_11)
FNDA:0,(anonymous_12)
FNDA:41,(anonymous_13)
FNDA:5,(anonymous_14)
FNDA:1,(anonymous_15)
FNDA:1,(anonymous_16)
FNDA:38,(anonymous_17)
FNDA:0,(anonymous_18)
FNDA:0,(anonymous_19)
FNDA:0,(anonymous_20)
FNDA:0,(anonymous_21)
FNDA:0,(anonymous_22)
FNDA:0,(anonymous_23)
FNDA:0,(anonymous_24)
FNDA:0,(anonymous_25)
FNDA:0,(anonymous_26)
FNDA:0,(anonymous_27)
FNDA:0,(anonymous_28)
FNDA:5,(anonymous_29)
FNDA:87,(anonymous_30)
FNDA:13,(anonymous_31)
FNDA:16,(anonymous_32)
FNDA:15,(anonymous_33)
FNDA:5,(anonymous_34)
FNDA:17,(anonymous_35)
FNDA:15,(anonymous_36)
FNDA:15,(anonymous_37)
FNDA:7,(anonymous_38)
FNDA:4,(anonymous_39)
FNDA:4,(anonymous_40)
FNDA:4,(anonymous_41)
FNDA:3,(anonymous_42)
DA:31,1
DA:32,1
DA:33,1
DA:34,1
DA:36,1
DA:37,1
DA:38,1
DA:39,1
DA:41,1
DA:50,1
DA:59,1
DA:60,1
DA:61,1
DA:62,1
DA:64,1
DA:65,1
DA:66,1
DA:67,1
DA:68,1
DA:69,1
DA:70,1
DA:71,1
DA:72,1
DA:73,1
DA:74,1
DA:75,1
DA:76,1
DA:78,1
DA:79,1
DA:80,1
DA:81,1
DA:82,1
DA:83,1
DA:84,1
DA:85,1
DA:87,1
DA:88,1
DA:89,1
DA:90,1
DA:91,1
DA:92,1
DA:93,1
DA:94,1
DA:96,1
DA:97,1
DA:106,40
DA:108,40
DA:109,40
DA:110,40
DA:111,40
DA:112,40
DA:113,40
DA:114,40
DA:115,40
DA:117,40
DA:118,40
DA:119,40
DA:120,40
DA:122,40
DA:128,1
DA:132,47
DA:138,11
DA:139,10
DA:146,1
DA:147,0
DA:152,5
DA:153,4
DA:158,4
DA:159,3
DA:162,4
DA:163,1
DA:164,1
DA:167,4
DA:168,4
DA:172,6
DA:173,5
DA:176,6
DA:177,2
DA:178,2
DA:181,6
DA:182,5
DA:184,5
DA:192,7
DA:193,7
DA:195,7
DA:196,2
DA:199,5
DA:200,1
DA:201,1
DA:204,4
DA:205,1
DA:206,1
DA:207,1
DA:210,3
DA:214,3
DA:218,1
DA:219,1
DA:221,1
DA:222,1
DA:223,1
DA:224,1
DA:225,1
DA:226,1
DA:227,1
DA:233,40
DA:237,40
DA:238,40
DA:242,0
DA:244,0
DA:245,0
DA:248,0
DA:250,0
DA:253,0
DA:254,0
DA:255,0
DA:257,0
DA:262,0
DA:263,0
DA:264,0
DA:266,0
DA:272,41
DA:273,41
DA:276,41
DA:277,41
DA:278,41
DA:281,41
DA:282,39
DA:287,38
DA:288,0
DA:289,0
DA:290,0
DA:291,0
DA:295,38
DA:297,0
DA:298,0
DA:300,0
DA:304,38
DA:305,0
DA:306,0
DA:309,0
DA:310,0
DA:319,0
DA:320,0
DA:321,0
DA:324,0
DA:328,38
DA:329,0
DA:332,38
DA:333,38
DA:334,38
DA:336,38
DA:338,0
DA:339,0
DA:340,0
DA:345,5
DA:346,2
DA:349,3
DA:350,1
DA:351,1
DA:352,0
DA:354,1
DA:356,2
DA:357,1
DA:358,1
DA:359,0
DA:361,1
DA:367,87
DA:371,87
DA:375,13
DA:376,13
DA:377,13
DA:378,13
DA:379,13
DA:382,13
DA:383,1
DA:386,12
DA:387,12
DA:389,12
DA:395,16
DA:396,16
DA:398,16
DA:407,15
DA:408,1
DA:410,1
DA:411,1
DA:414,1
DA:418,1
DA:419,1
DA:425,5
DA:427,5
DA:428,1
DA:431,4
DA:433,4
DA:434,2
DA:435,2
DA:437,2
DA:442,17
DA:443,17
DA:444,17
DA:446,17
DA:447,17
DA:449,17
DA:450,17
DA:451,17
DA:453,17
DA:454,1
DA:455,1
DA:458,16
DA:459,16
DA:460,1
DA:463,15
DA:465,0
DA:468,15
DA:470,15
DA:471,0
DA:474,15
DA:475,15
DA:477,15
DA:478,15
DA:480,15
DA:482,15
DA:483,15
DA:485,15
DA:487,15
DA:488,15
DA:489,15
DA:491,15
DA:493,15
DA:495,15
DA:496,15
DA:505,15
DA:507,0
DA:508,0
DA:510,0
DA:511,0
DA:519,15
DA:520,0
DA:527,7
DA:528,7
DA:533,7
DA:534,3
DA:540,7
DA:542,7
DA:543,5
DA:546,7
DA:547,1
DA:548,6
DA:549,2
DA:550,1
DA:553,1
DA:554,4
DA:555,1
DA:556,1
DA:561,4
DA:562,4
DA:567,4
DA:569,4
DA:570,2
DA:573,2
DA:577,2
DA:579,2
DA:580,1
DA:583,2
DA:585,2
DA:586,1
DA:589,2
DA:599,1
DA:601,1
DA:602,3
DA:604,3
DA:605,1
DA:616,1
LF:272
LH:230
BRDA:119,0,0,40
BRDA:119,0,1,0
BRDA:138,1,0,10
BRDA:138,1,1,1
BRDA:146,2,0,0
BRDA:146,2,1,1
BRDA:146,3,0,1
BRDA:146,3,1,1
BRDA:152,4,0,4
BRDA:152,4,1,1
BRDA:158,5,0,3
BRDA:158,5,1,1
BRDA:162,6,0,1
BRDA:162,6,1,3
BRDA:172,7,0,5
BRDA:172,7,1,1
BRDA:176,8,0,2
BRDA:176,8,1,4
BRDA:181,9,0,5
BRDA:181,9,1,1
BRDA:181,10,0,6
BRDA:181,10,1,6
BRDA:181,10,2,6
BRDA:185,11,0,5
BRDA:185,11,1,0
BRDA:195,12,0,2
BRDA:195,12,1,5
BRDA:195,13,0,7
BRDA:195,13,1,6
BRDA:199,14,0,1
BRDA:199,14,1,4
BRDA:204,15,0,1
BRDA:204,15,1,3
BRDA:210,16,0,2
BRDA:210,16,1,1
BRDA:244,17,0,0
BRDA:244,17,1,0
BRDA:253,18,0,0
BRDA:253,18,1,0
BRDA:254,19,0,0
BRDA:254,19,1,0
BRDA:262,20,0,0
BRDA:262,20,1,0
BRDA:263,21,0,0
BRDA:263,21,1,0
BRDA:272,22,0,41
BRDA:272,22,1,0
BRDA:276,23,0,41
BRDA:276,23,1,0
BRDA:281,24,0,39
BRDA:281,24,1,2
BRDA:281,25,0,41
BRDA:281,25,1,40
BRDA:288,26,0,0
BRDA:288,26,1,0
BRDA:288,27,0,0
BRDA:288,27,1,0
BRDA:288,27,2,0
BRDA:290,28,0,0
BRDA:290,28,1,0
BRDA:297,29,0,0
BRDA:297,29,1,0
BRDA:297,30,0,0
BRDA:297,30,1,0
BRDA:305,31,0,0
BRDA:305,31,1,0
BRDA:305,32,0,0
BRDA:305,32,1,0
BRDA:305,32,2,0
BRDA:310,33,0,0
BRDA:310,33,1,0
BRDA:320,34,0,0
BRDA:320,34,1,0
BRDA:332,35,0,38
BRDA:332,35,1,0
BRDA:345,36,0,2
BRDA:345,36,1,3
BRDA:349,37,0,1
BRDA:349,37,1,2
BRDA:351,38,0,0
BRDA:351,38,1,1
BRDA:356,39,0,1
BRDA:356,39,1,1
BRDA:358,40,0,0
BRDA:358,40,1,1
BRDA:367,41,0,83
BRDA:367,41,1,4
BRDA:367,42,0,87
BRDA:367,42,1,83
BRDA:379,43,0,13
BRDA:379,43,1,4
BRDA:379,43,2,11
BRDA:379,43,3,9
BRDA:382,44,0,1
BRDA:382,44,1,12
BRDA:382,45,0,13
BRDA:382,45,1,3
BRDA:386,46,0,3
BRDA:386,46,1,9
BRDA:389,47,0,1
BRDA:389,47,1,11
BRDA:407,48,0,1
BRDA:407,48,1,14
BRDA:418,49,0,1
BRDA:418,49,1,0
BRDA:425,50,0,5
BRDA:425,50,1,4
BRDA:427,51,0,1
BRDA:427,51,1,4
BRDA:433,52,0,2
BRDA:433,52,1,2
BRDA:434,53,0,2
BRDA:434,53,1,1
BRDA:437,54,0,2
BRDA:437,54,1,2
BRDA:444,55,0,17
BRDA:444,55,1,14
BRDA:444,55,2,13
BRDA:449,56,0,12
BRDA:449,56,1,5
BRDA:450,57,0,12
BRDA:450,57,1,5
BRDA:451,58,0,12
BRDA:451,58,1,5
BRDA:453,59,0,1
BRDA:453,59,1,16
BRDA:453,60,0,17
BRDA:453,60,1,16
BRDA:459,61,0,1
BRDA:459,61,1,15
BRDA:463,62,0,0
BRDA:463,62,1,15
BRDA:463,63,0,15
BRDA:463,63,1,15
BRDA:470,64,0,0
BRDA:470,64,1,15
BRDA:477,65,0,15
BRDA:477,65,1,0
BRDA:519,66,0,0
BRDA:519,66,1,15
BRDA:533,67,0,3
BRDA:533,67,1,4
BRDA:540,68,0,1
BRDA:540,68,1,6
BRDA:542,69,0,5
BRDA:542,69,1,2
BRDA:546,70,0,1
BRDA:546,70,1,6
BRDA:548,71,0,2
BRDA:548,71,1,4
BRDA:549,72,0,1
BRDA:549,72,1,1
BRDA:554,73,0,1
BRDA:554,73,1,3
BRDA:554,74,0,4
BRDA:554,74,1,3
BRDA:569,75,0,2
BRDA:569,75,1,2
BRDA:569,76,0,4
BRDA:569,76,1,3
BRDA:579,77,0,1
BRDA:579,77,1,1
BRDA:585,78,0,1
BRDA:585,78,1,1
BRF:164
BRH:121
end_of_record
TN:
SF:js\src\collapse.js
FN:69,(anonymous_0)
FN:85,(anonymous_1)
FN:106,(anonymous_2)
FN:110,(anonymous_3)
FN:116,(anonymous_4)
FN:124,(anonymous_5)
FN:134,(anonymous_6)
FN:149,(anonymous_7)
FN:163,(anonymous_8)
FN:182,(anonymous_9)
FN:190,(anonymous_10)
FN:211,(anonymous_11)
FN:245,(anonymous_12)
FN:259,(anonymous_13)
FN:263,(anonymous_14)
FN:273,(anonymous_15)
FN:283,(anonymous_16)
FN:287,(anonymous_17)
FN:302,(anonymous_18)
FN:314,(anonymous_19)
FN:321,(anonymous_20)
FN:334,(anonymous_21)
FN:359,(anonymous_22)
FN:360,(anonymous_23)
FN:372,(anonymous_24)
FN:382,(anonymous_25)
FNF:26
FNH:25
FNDA:48,(anonymous_0)
FNDA:73,(anonymous_1)
FNDA:1,(anonymous_2)
FNDA:56,(anonymous_3)
FNDA:33,(anonymous_4)
FNDA:32,(anonymous_5)
FNDA:14,(anonymous_6)
FNDA:10,(anonymous_7)
FNDA:13,(anonymous_8)
FNDA:35,(anonymous_9)
FNDA:29,(anonymous_10)
FNDA:20,(anonymous_11)
FNDA:15,(anonymous_12)
FNDA:88,(anonymous_13)
FNDA:1,(anonymous_14)
FNDA:48,(anonymous_15)
FNDA:44,(anonymous_16)
FNDA:24,(anonymous_17)
FNDA:0,(anonymous_18)
FNDA:26,(anonymous_19)
FNDA:20,(anonymous_20)
FNDA:36,(anonymous_21)
FNDA:3,(anonymous_22)
FNDA:3,(anonymous_23)
FNDA:17,(anonymous_24)
FNDA:22,(anonymous_25)
DA:30,1
DA:31,1
DA:32,1
DA:33,1
DA:35,1
DA:40,1
DA:45,1
DA:46,1
DA:47,1
DA:48,1
DA:49,1
DA:51,1
DA:52,1
DA:53,1
DA:54,1
DA:56,1
DA:57,1
DA:59,1
DA:60,1
DA:70,48
DA:72,48
DA:73,48
DA:74,48
DA:79,48
DA:81,48
DA:82,60
DA:83,60
DA:84,60
DA:85,73
DA:87,60
DA:88,30
DA:89,30
DA:93,48
DA:95,48
DA:96,26
DA:99,48
DA:100,28
DA:107,1
DA:111,56
DA:117,33
DA:118,6
DA:120,27
DA:125,32
DA:126,2
DA:132,30
DA:133,15
DA:135,14
DA:136,13
DA:139,1
DA:142,15
DA:143,5
DA:147,30
DA:148,30
DA:149,10
DA:150,10
DA:152,10
DA:153,0
DA:157,30
DA:158,30
DA:159,1
DA:162,29
DA:163,10
DA:164,13
DA:165,11
DA:168,13
DA:169,9
DA:174,29
DA:176,29
DA:177,29
DA:179,29
DA:181,29
DA:182,20
DA:183,35
DA:184,35
DA:188,29
DA:190,29
DA:191,29
DA:192,29
DA:194,29
DA:196,29
DA:198,29
DA:201,29
DA:202,29
DA:203,29
DA:205,29
DA:207,29
DA:208,29
DA:212,20
DA:213,4
DA:216,16
DA:217,16
DA:218,1
DA:221,15
DA:223,15
DA:225,15
DA:227,15
DA:228,15
DA:230,15
DA:231,15
DA:232,13
DA:233,26
DA:234,26
DA:236,26
DA:237,25
DA:238,25
DA:243,15
DA:245,15
DA:246,15
DA:247,15
DA:248,15
DA:249,15
DA:252,15
DA:253,15
DA:255,15
DA:256,15
DA:260,88
DA:264,1
DA:265,1
DA:266,1
DA:267,1
DA:268,1
DA:274,48
DA:278,48
DA:279,48
DA:280,48
DA:284,44
DA:288,24
DA:290,24
DA:292,5
DA:293,2
DA:296,19
DA:299,24
DA:301,24
DA:303,0
DA:305,0
DA:311,24
DA:315,26
DA:316,17
DA:319,9
DA:321,9
DA:322,20
DA:323,6
DA:325,14
DA:328,20
DA:335,36
DA:336,36
DA:342,36
DA:343,6
DA:346,36
DA:347,28
DA:350,36
DA:351,14
DA:352,1
DA:355,13
DA:360,3
DA:361,3
DA:372,1
DA:374,17
DA:375,16
DA:378,17
DA:379,17
DA:380,17
DA:382,17
DA:383,22
DA:385,22
DA:387,2
DA:388,0
DA:389,0
DA:392,2
DA:394,20
DA:397,22
DA:408,1
LF:172
LH:167
BRDA:87,0,0,30
BRDA:87,0,1,30
BRDA:87,1,0,60
BRDA:87,1,1,53
BRDA:93,2,0,22
BRDA:93,2,1,26
BRDA:95,3,0,26
BRDA:95,3,1,22
BRDA:99,4,0,28
BRDA:99,4,1,20
BRDA:117,5,0,6
BRDA:117,5,1,27
BRDA:125,6,0,2
BRDA:125,6,1,30
BRDA:125,7,0,32
BRDA:125,7,1,31
BRDA:132,8,0,15
BRDA:132,8,1,15
BRDA:135,9,0,13
BRDA:135,9,1,1
BRDA:142,10,0,5
BRDA:142,10,1,10
BRDA:148,11,0,10
BRDA:148,11,1,20
BRDA:150,12,0,9
BRDA:150,12,1,1
BRDA:152,13,0,0
BRDA:152,13,1,10
BRDA:152,14,0,10
BRDA:152,14,1,4
BRDA:158,15,0,1
BRDA:158,15,1,29
BRDA:162,16,0,10
BRDA:162,16,1,19
BRDA:164,17,0,11
BRDA:164,17,1,2
BRDA:168,18,0,9
BRDA:168,18,1,4
BRDA:181,19,0,20
BRDA:181,19,1,9
BRDA:212,20,0,4
BRDA:212,20,1,16
BRDA:212,21,0,20
BRDA:212,21,1,19
BRDA:217,22,0,1
BRDA:217,22,1,15
BRDA:231,23,0,13
BRDA:231,23,1,2
BRDA:236,24,0,25
BRDA:236,24,1,1
BRDA:236,25,0,26
BRDA:236,25,1,26
BRDA:284,26,0,1
BRDA:284,26,1,43
BRDA:290,27,0,5
BRDA:290,27,1,19
BRDA:292,28,0,2
BRDA:292,28,1,3
BRDA:292,29,0,5
BRDA:292,29,1,5
BRDA:315,30,0,17
BRDA:315,30,1,9
BRDA:315,31,0,26
BRDA:315,31,1,26
BRDA:322,32,0,6
BRDA:322,32,1,14
BRDA:339,33,0,20
BRDA:339,33,1,16
BRDA:339,34,0,36
BRDA:339,34,1,20
BRDA:342,35,0,6
BRDA:342,35,1,30
BRDA:342,36,0,36
BRDA:342,36,1,28
BRDA:342,36,2,28
BRDA:342,36,3,7
BRDA:346,37,0,28
BRDA:346,37,1,8
BRDA:350,38,0,14
BRDA:350,38,1,22
BRDA:351,39,0,1
BRDA:351,39,1,13
BRDA:374,40,0,16
BRDA:374,40,1,1
BRDA:385,41,0,2
BRDA:385,41,1,20
BRDA:387,42,0,0
BRDA:387,42,1,2
BRDA:387,43,0,2
BRDA:387,43,1,2
BRF:90
BRH:88
end_of_record
TN:
SF:js\src\dropdown.js
FN:99,(anonymous_0)
FN:112,(anonymous_1)
FN:116,(anonymous_2)
FN:120,(anonymous_3)
FN:126,(anonymous_4)
FN:142,(anonymous_5)
FN:187,(anonymous_6)
FN:198,(anonymous_7)
FN:223,(anonymous_8)
FN:234,(anonymous_9)
FN:243,(anonymous_10)
FN:244,(anonymous_11)
FN:251,(anonymous_12)
FN:263,(anonymous_13)
FN:267,(anonymous_14)
FN:288,(anonymous_15)
FN:292,(anonymous_16)
FN:326,(anonymous_17)
FN:343,(anonymous_18)
FN:344,(anonymous_19)
FN:349,(anonymous_20)
FN:392,(anonymous_21)
FN:407,(anonymous_22)
FN:411,(anonymous_23)
FN:484,(anonymous_24)
FN:489,(anonymous_25)
FNF:26
FNH:25
FNDA:55,(anonymous_0)
FNDA:56,(anonymous_1)
FNDA:56,(anonymous_2)
FNDA:62,(anonymous_3)
FNDA:36,(anonymous_4)
FNDA:39,(anonymous_5)
FNDA:825,(anonymous_6)
FNDA:6,(anonymous_7)
FNDA:2,(anonymous_8)
FNDA:2,(anonymous_9)
FNDA:55,(anonymous_10)
FNDA:1,(anonymous_11)
FNDA:55,(anonymous_12)
FNDA:55,(anonymous_13)
FNDA:33,(anonymous_14)
FNDA:55,(anonymous_15)
FNDA:33,(anonymous_16)
FNDA:20,(anonymous_17)
FNDA:3,(anonymous_18)
FNDA:3,(anonymous_19)
FNDA:106,(anonymous_20)
FNDA:250,(anonymous_21)
FNDA:98,(anonymous_22)
FNDA:18,(anonymous_23)
FNDA:17,(anonymous_24)
FNDA:0,(anonymous_25)
DA:31,1
DA:32,1
DA:33,1
DA:34,1
DA:36,1
DA:37,1
DA:38,1
DA:39,1
DA:40,1
DA:41,1
DA:43,1
DA:45,1
DA:46,1
DA:47,1
DA:48,1
DA:49,1
DA:50,1
DA:51,1
DA:52,1
DA:54,1
DA:55,1
DA:56,1
DA:57,1
DA:58,1
DA:59,1
DA:61,1
DA:62,1
DA:63,1
DA:64,1
DA:65,1
DA:67,1
DA:68,1
DA:69,1
DA:70,1
DA:71,1
DA:72,1
DA:74,1
DA:83,1
DA:100,55
DA:102,55
DA:103,55
DA:104,55
DA:105,55
DA:107,55
DA:113,56
DA:117,56
DA:121,62
DA:127,36
DA:128,2
DA:131,34
DA:133,34
DA:135,34
DA:136,1
DA:139,33
DA:143,39
DA:144,4
DA:147,35
DA:148,35
DA:152,35
DA:154,35
DA:155,2
DA:159,33
DA:160,32
DA:161,0
DA:164,32
DA:166,32
DA:167,1
DA:168,31
DA:169,2
DA:172,2
DA:173,1
DA:177,32
DA:184,33
DA:186,33
DA:187,825
DA:190,33
DA:191,33
DA:193,33
DA:194,33
DA:195,33
DA:199,6
DA:200,3
DA:203,3
DA:204,3
DA:208,3
DA:210,3
DA:211,1
DA:214,2
DA:215,1
DA:218,2
DA:219,2
DA:220,2
DA:224,2
DA:225,2
DA:226,2
DA:228,2
DA:229,1
DA:230,1
DA:235,2
DA:236,2
DA:237,1
DA:244,55
DA:245,1
DA:246,1
DA:247,1
DA:252,55
DA:258,55
DA:260,55
DA:264,55
DA:268,33
DA:270,33
DA:271,1
DA:274,32
DA:275,1
DA:279,31
DA:281,31
DA:282,2
DA:285,29
DA:289,55
DA:293,33
DA:311,33
DA:312,1
DA:318,33
DA:327,20
DA:328,20
DA:330,20
DA:331,19
DA:334,20
DA:335,18
DA:336,1
DA:339,17
DA:344,3
DA:345,3
DA:350,106
DA:351,0
DA:354,106
DA:356,106
DA:357,51
DA:358,51
DA:359,51
DA:363,51
DA:364,4
DA:367,51
DA:368,3
DA:371,48
DA:372,48
DA:373,38
DA:376,10
DA:380,0
DA:383,10
DA:384,10
DA:385,0
DA:390,10
DA:391,10
DA:392,250
DA:395,10
DA:397,10
DA:398,10
DA:401,10
DA:402,10
DA:403,10
DA:408,98
DA:419,18
DA:424,8
DA:427,10
DA:428,10
DA:430,10
DA:431,1
DA:434,9
DA:435,9
DA:437,9
DA:438,2
DA:439,2
DA:440,2
DA:441,2
DA:444,7
DA:445,0
DA:446,0
DA:449,7
DA:451,7
DA:452,0
DA:455,7
DA:458,7
DA:459,1
DA:463,7
DA:464,5
DA:468,7
DA:470,7
DA:480,1
DA:481,1
DA:482,1
DA:483,1
DA:484,1
DA:485,17
DA:486,17
DA:487,17
DA:489,1
DA:498,1
LF:198
LH:191
BRDA:67,0,0,0
BRDA:67,0,1,1
BRDA:68,1,0,0
BRDA:68,1,1,1
BRDA:69,2,0,0
BRDA:69,2,1,1
BRDA:70,3,0,0
BRDA:70,3,1,1
BRDA:71,4,0,0
BRDA:71,4,1,1
BRDA:72,5,0,0
BRDA:72,5,1,1
BRDA:127,6,0,2
BRDA:127,6,1,34
BRDA:127,7,0,36
BRDA:127,7,1,35
BRDA:135,8,0,1
BRDA:135,8,1,33
BRDA:143,9,0,4
BRDA:143,9,1,35
BRDA:143,10,0,39
BRDA:143,10,1,38
BRDA:143,10,2,37
BRDA:154,11,0,2
BRDA:154,11,1,33
BRDA:159,12,0,32
BRDA:159,12,1,1
BRDA:160,13,0,0
BRDA:160,13,1,32
BRDA:166,14,0,1
BRDA:166,14,1,31
BRDA:168,15,0,2
BRDA:168,15,1,29
BRDA:172,16,0,1
BRDA:172,16,1,1
BRDA:184,17,0,33
BRDA:184,17,1,0
BRDA:184,18,0,33
BRDA:184,18,1,33
BRDA:199,19,0,3
BRDA:199,19,1,3
BRDA:199,20,0,6
BRDA:199,20,1,5
BRDA:199,20,2,4
BRDA:210,21,0,1
BRDA:210,21,1,2
BRDA:214,22,0,1
BRDA:214,22,1,1
BRDA:228,23,0,1
BRDA:228,23,1,1
BRDA:236,24,0,1
BRDA:236,24,1,1
BRDA:270,25,0,1
BRDA:270,25,1,32
BRDA:274,26,0,1
BRDA:274,26,1,31
BRDA:281,27,0,2
BRDA:281,27,1,29
BRDA:282,28,0,0
BRDA:282,28,1,2
BRDA:285,29,0,0
BRDA:285,29,1,29
BRDA:311,30,0,1
BRDA:311,30,1,32
BRDA:328,31,0,0
BRDA:328,31,1,20
BRDA:330,32,0,19
BRDA:330,32,1,1
BRDA:334,33,0,18
BRDA:334,33,1,2
BRDA:335,34,0,1
BRDA:335,34,1,17
BRDA:350,35,0,0
BRDA:350,35,1,106
BRDA:350,36,0,106
BRDA:350,36,1,70
BRDA:350,36,2,70
BRDA:350,36,3,3
BRDA:363,37,0,4
BRDA:363,37,1,47
BRDA:363,38,0,51
BRDA:363,38,1,9
BRDA:367,39,0,3
BRDA:367,39,1,48
BRDA:372,40,0,38
BRDA:372,40,1,10
BRDA:376,41,0,0
BRDA:376,41,1,10
BRDA:376,42,0,10
BRDA:376,42,1,6
BRDA:376,42,2,3
BRDA:376,42,3,6
BRDA:376,42,4,3
BRDA:376,42,5,3
BRDA:384,43,0,0
BRDA:384,43,1,10
BRDA:390,44,0,10
BRDA:390,44,1,0
BRDA:397,45,0,10
BRDA:397,45,1,0
BRDA:408,46,0,98
BRDA:408,46,1,94
BRDA:419,47,0,8
BRDA:419,47,1,10
BRDA:419,48,0,9
BRDA:419,48,1,9
BRDA:420,49,0,9
BRDA:420,49,1,7
BRDA:420,49,2,6
BRDA:420,49,3,4
BRDA:420,49,4,6
BRDA:430,50,0,1
BRDA:430,50,1,9
BRDA:430,51,0,10
BRDA:430,51,1,9
BRDA:437,52,0,2
BRDA:437,52,1,7
BRDA:438,53,0,1
BRDA:438,53,1,1
BRDA:444,54,0,0
BRDA:444,54,1,7
BRDA:444,55,0,7
BRDA:444,55,1,7
BRDA:451,56,0,0
BRDA:451,56,1,7
BRDA:458,57,0,1
BRDA:458,57,1,6
BRDA:458,58,0,7
BRDA:458,58,1,2
BRDA:463,59,0,5
BRDA:463,59,1,2
BRDA:463,60,0,7
BRDA:463,60,1,5
BRDA:468,61,0,1
BRDA:468,61,1,6
BRF:135
BRH:117
end_of_record
TN:
SF:js\src\modal.js
FN:82,(anonymous_0)
FN:97,(anonymous_1)
FN:101,(anonymous_2)
FN:107,(anonymous_3)
FN:111,(anonymous_4)
FN:138,(anonymous_5)
FN:140,(anonymous_6)
FN:141,(anonymous_7)
FN:148,(anonymous_8)
FN:151,(anonymous_9)
FN:186,(anonymous_10)
FN:193,(anonymous_11)
FN:195,(anonymous_12)
FN:216,(anonymous_13)
FN:222,(anonymous_14)
FN:231,(anonymous_15)
FN:260,(anonymous_16)
FN:281,(anonymous_17)
FN:283,(anonymous_18)
FN:292,(anonymous_19)
FN:294,(anonymous_20)
FN:307,(anonymous_21)
FN:309,(anonymous_22)
FN:315,(anonymous_23)
FN:321,(anonymous_24)
FN:329,(anonymous_25)
FN:334,(anonymous_26)
FN:349,(anonymous_27)
FN:384,(anonymous_28)
FN:401,(anonymous_29)
FN:416,(anonymous_30)
FN:419,(anonymous_31)
FN:433,(anonymous_32)
FN:446,(anonymous_33)
FN:451,(anonymous_34)
FN:457,(anonymous_35)
FN:464,(anonymous_36)
FN:473,(anonymous_37)
FN:491,(anonymous_38)
FN:494,(anonymous_39)
FN:504,(anonymous_40)
FN:522,(anonymous_41)
FN:533,(anonymous_42)
FN:534,(anonymous_43)
FN:563,(anonymous_44)
FN:570,(anonymous_45)
FN:576,(anonymous_46)
FNF:47
FNH:45
FNDA:47,(anonymous_0)
FNDA:1,(anonymous_1)
FNDA:57,(anonymous_2)
FNDA:12,(anonymous_3)
FNDA:37,(anonymous_4)
FNDA:1,(anonymous_5)
FNDA:0,(anonymous_6)
FNDA:0,(anonymous_7)
FNDA:33,(anonymous_8)
FNDA:16,(anonymous_9)
FNDA:1,(anonymous_10)
FNDA:1,(anonymous_11)
FNDA:3,(anonymous_12)
FNDA:1,(anonymous_13)
FNDA:47,(anonymous_14)
FNDA:33,(anonymous_15)
FNDA:33,(anonymous_16)
FNDA:32,(anonymous_17)
FNDA:1,(anonymous_18)
FNDA:46,(anonymous_19)
FNDA:4,(anonymous_20)
FNDA:46,(anonymous_21)
FNDA:5,(anonymous_22)
FNDA:13,(anonymous_23)
FNDA:13,(anonymous_24)
FNDA:13,(anonymous_25)
FNDA:46,(anonymous_26)
FNDA:3,(anonymous_27)
FNDA:13,(anonymous_28)
FNDA:3,(anonymous_29)
FNDA:3,(anonymous_30)
FNDA:3,(anonymous_31)
FNDA:38,(anonymous_32)
FNDA:13,(anonymous_33)
FNDA:33,(anonymous_34)
FNDA:33,(anonymous_35)
FNDA:2,(anonymous_36)
FNDA:1,(anonymous_37)
FNDA:13,(anonymous_38)
FNDA:2,(anonymous_39)
FNDA:1,(anonymous_40)
FNDA:35,(anonymous_41)
FNDA:5,(anonymous_42)
FNDA:5,(anonymous_43)
FNDA:6,(anonymous_44)
FNDA:6,(anonymous_45)
FNDA:2,(anonymous_46)
DA:30,1
DA:31,1
DA:32,1
DA:33,1
DA:34,1
DA:36,1
DA:42,1
DA:48,1
DA:49,1
DA:50,1
DA:51,1
DA:52,1
DA:53,1
DA:54,1
DA:55,1
DA:56,1
DA:57,1
DA:58,1
DA:59,1
DA:61,1
DA:62,1
DA:63,1
DA:64,1
DA:65,1
DA:66,1
DA:68,1
DA:69,1
DA:70,1
DA:71,1
DA:72,1
DA:73,1
DA:83,47
DA:85,47
DA:86,47
DA:87,47
DA:88,47
DA:89,47
DA:90,47
DA:91,47
DA:92,47
DA:98,1
DA:102,57
DA:108,12
DA:112,37
DA:113,2
DA:116,35
DA:117,5
DA:120,35
DA:124,35
DA:125,2
DA:128,33
DA:130,33
DA:131,33
DA:133,33
DA:135,33
DA:136,33
DA:138,33
DA:140,33
DA:141,0
DA:142,0
DA:143,0
DA:148,33
DA:152,16
DA:153,1
DA:156,16
DA:157,2
DA:160,14
DA:162,14
DA:163,1
DA:166,13
DA:167,13
DA:169,13
DA:170,1
DA:173,13
DA:174,13
DA:176,13
DA:178,13
DA:180,13
DA:181,13
DA:183,13
DA:184,1
DA:186,1
DA:187,1
DA:189,12
DA:194,1
DA:195,3
DA:197,1
DA:204,1
DA:206,1
DA:207,1
DA:208,1
DA:209,1
DA:210,1
DA:211,1
DA:212,1
DA:213,1
DA:217,1
DA:223,47
DA:227,47
DA:228,47
DA:232,33
DA:233,33
DA:235,33
DA:237,1
DA:240,33
DA:241,33
DA:242,33
DA:243,33
DA:244,33
DA:246,33
DA:247,1
DA:250,33
DA:251,5
DA:254,33
DA:256,33
DA:257,32
DA:260,33
DA:261,33
DA:262,32
DA:265,33
DA:266,33
DA:271,33
DA:272,5
DA:274,5
DA:275,5
DA:277,28
DA:282,32
DA:283,32
DA:284,1
DA:287,1
DA:293,46
DA:294,33
DA:295,4
DA:296,2
DA:297,2
DA:298,2
DA:299,1
DA:303,13
DA:308,46
DA:309,33
DA:311,13
DA:316,13
DA:317,13
DA:318,13
DA:319,13
DA:320,13
DA:321,13
DA:322,13
DA:323,13
DA:324,13
DA:325,13
DA:330,13
DA:331,13
DA:335,46
DA:339,46
DA:340,31
DA:341,31
DA:343,31
DA:344,5
DA:347,31
DA:349,31
DA:350,3
DA:351,0
DA:352,0
DA:355,3
DA:356,0
DA:359,3
DA:360,2
DA:362,1
DA:366,31
DA:367,5
DA:370,31
DA:372,31
DA:373,26
DA:374,26
DA:377,5
DA:379,5
DA:380,5
DA:381,15
DA:382,13
DA:384,13
DA:385,13
DA:386,13
DA:389,13
DA:390,1
DA:391,1
DA:392,1
DA:394,12
DA:397,2
DA:402,3
DA:403,3
DA:404,0
DA:407,3
DA:409,3
DA:410,3
DA:413,3
DA:414,3
DA:415,3
DA:416,3
DA:417,3
DA:418,3
DA:419,3
DA:420,3
DA:422,3
DA:425,3
DA:426,3
DA:435,38
DA:437,38
DA:438,0
DA:441,38
DA:442,36
DA:447,13
DA:448,13
DA:452,33
DA:453,33
DA:454,33
DA:458,33
DA:463,31
DA:465,2
DA:466,2
DA:467,2
DA:468,2
DA:472,31
DA:474,1
DA:475,1
DA:476,1
DA:477,1
DA:481,31
DA:482,31
DA:484,31
DA:485,31
DA:488,33
DA:493,13
DA:495,2
DA:496,2
DA:497,2
DA:498,2
DA:503,13
DA:505,1
DA:506,1
DA:507,1
DA:508,1
DA:513,13
DA:514,13
DA:515,0
DA:517,13
DA:518,13
DA:523,35
DA:524,35
DA:525,35
DA:526,35
DA:527,35
DA:528,35
DA:534,5
DA:535,5
DA:536,5
DA:542,5
DA:543,3
DA:546,5
DA:547,2
DA:548,1
DA:551,1
DA:563,1
DA:564,6
DA:566,6
DA:567,4
DA:570,6
DA:571,6
DA:573,1
DA:576,5
DA:577,2
DA:578,1
DA:583,6
DA:584,6
DA:585,5
DA:590,5
DA:593,6
DA:603,1
LF:278
LH:269
BRDA:108,0,0,6
BRDA:108,0,1,6
BRDA:112,1,0,2
BRDA:112,1,1,35
BRDA:112,2,0,37
BRDA:112,2,1,36
BRDA:116,3,0,5
BRDA:116,3,1,30
BRDA:124,4,0,2
BRDA:124,4,1,33
BRDA:124,5,0,35
BRDA:124,5,1,35
BRDA:142,6,0,0
BRDA:142,6,1,0
BRDA:152,7,0,1
BRDA:152,7,1,15
BRDA:156,8,0,2
BRDA:156,8,1,14
BRDA:156,9,0,16
BRDA:156,9,1,14
BRDA:162,10,0,1
BRDA:162,10,1,13
BRDA:169,11,0,1
BRDA:169,11,1,12
BRDA:183,12,0,1
BRDA:183,12,1,12
BRDA:235,13,0,1
BRDA:235,13,1,32
BRDA:235,14,0,33
BRDA:235,14,1,32
BRDA:246,15,0,1
BRDA:246,15,1,32
BRDA:250,16,0,5
BRDA:250,16,1,28
BRDA:256,17,0,32
BRDA:256,17,1,1
BRDA:261,18,0,32
BRDA:261,18,1,1
BRDA:271,19,0,5
BRDA:271,19,1,28
BRDA:284,20,0,1
BRDA:284,20,1,0
BRDA:284,21,0,1
BRDA:284,21,1,1
BRDA:284,21,2,1
BRDA:293,22,0,33
BRDA:293,22,1,13
BRDA:295,23,0,2
BRDA:295,23,1,2
BRDA:295,24,0,4
BRDA:295,24,1,3
BRDA:298,25,0,1
BRDA:298,25,1,1
BRDA:298,26,0,2
BRDA:298,26,1,1
BRDA:308,27,0,33
BRDA:308,27,1,13
BRDA:335,28,0,6
BRDA:335,28,1,40
BRDA:339,29,0,31
BRDA:339,29,1,15
BRDA:339,30,0,46
BRDA:339,30,1,33
BRDA:343,31,0,5
BRDA:343,31,1,26
BRDA:350,32,0,0
BRDA:350,32,1,3
BRDA:355,33,0,0
BRDA:355,33,1,3
BRDA:359,34,0,2
BRDA:359,34,1,1
BRDA:366,35,0,5
BRDA:366,35,1,26
BRDA:372,36,0,26
BRDA:372,36,1,5
BRDA:381,37,0,13
BRDA:381,37,1,2
BRDA:381,38,0,15
BRDA:381,38,1,13
BRDA:389,39,0,1
BRDA:389,39,1,12
BRDA:403,40,0,0
BRDA:403,40,1,3
BRDA:409,41,0,3
BRDA:409,41,1,0
BRDA:418,42,0,3
BRDA:418,42,1,0
BRDA:437,43,0,0
BRDA:437,43,1,38
BRDA:437,44,0,38
BRDA:437,44,1,2
BRDA:437,44,2,0
BRDA:437,44,3,38
BRDA:437,44,4,36
BRDA:437,44,5,36
BRDA:441,45,0,36
BRDA:441,45,1,2
BRDA:441,46,0,38
BRDA:441,46,1,36
BRDA:441,46,2,36
BRDA:441,46,3,2
BRDA:441,46,4,2
BRDA:441,46,5,0
BRDA:458,47,0,31
BRDA:458,47,1,2
BRDA:496,48,0,2
BRDA:496,48,1,0
BRDA:506,49,0,1
BRDA:506,49,1,0
BRDA:514,50,0,0
BRDA:514,50,1,13
BRDA:539,51,0,0
BRDA:539,51,1,5
BRDA:539,52,0,5
BRDA:539,52,1,0
BRDA:542,53,0,3
BRDA:542,53,1,2
BRDA:546,54,0,2
BRDA:546,54,1,3
BRDA:547,55,0,1
BRDA:547,55,1,1
BRDA:566,56,0,4
BRDA:566,56,1,2
BRDA:566,57,0,6
BRDA:566,57,1,2
BRDA:571,58,0,1
BRDA:571,58,1,5
BRDA:577,59,0,1
BRDA:577,59,1,1
BRDA:584,60,0,5
BRDA:584,60,1,1
BRF:131
BRH:115
end_of_record
TN:
SF:js\src\popover.js
FN:70,(anonymous_0)
FN:74,(anonymous_1)
FN:78,(anonymous_2)
FN:82,(anonymous_3)
FN:86,(anonymous_4)
FN:90,(anonymous_5)
FN:96,(anonymous_6)
FN:100,(anonymous_7)
FN:117,(anonymous_8)
FN:121,(anonymous_9)
FN:125,(anonymous_10)
FN:129,(anonymous_11)
FN:130,(anonymous_12)
FN:136,(anonymous_13)
FN:137,(anonymous_14)
FNF:15
FNH:15
FNDA:12,(anonymous_0)
FNDA:11,(anonymous_1)
FNDA:23,(anonymous_2)
FNDA:29,(anonymous_3)
FNDA:1,(anonymous_4)
FNDA:12,(anonymous_5)
FNDA:5,(anonymous_6)
FNDA:5,(anonymous_7)
FNDA:14,(anonymous_8)
FNDA:6,(anonymous_9)
FNDA:10,(anonymous_10)
FNDA:10,(anonymous_11)
FNDA:10,(anonymous_12)
FNDA:6,(anonymous_13)
FNDA:6,(anonymous_14)
DA:19,1
DA:20,1
DA:21,1
DA:22,1
DA:23,1
DA:25,1
DA:37,1
DA:42,1
DA:55,1
DA:56,1
DA:58,1
DA:59,1
DA:71,12
DA:75,11
DA:79,23
DA:83,29
DA:87,1
DA:91,12
DA:97,5
DA:101,5
DA:104,5
DA:105,5
DA:106,5
DA:107,1
DA:110,5
DA:112,5
DA:118,14
DA:122,6
DA:126,10
DA:127,10
DA:128,10
DA:129,10
DA:130,10
DA:137,6
DA:138,6
DA:139,6
DA:141,6
DA:142,1
DA:145,5
DA:146,3
DA:147,3
DA:150,5
DA:151,2
DA:152,1
DA:155,1
DA:168,1
LF:46
LH:46
BRDA:97,0,0,5
BRDA:97,0,1,1
BRDA:106,1,0,1
BRDA:106,1,1,4
BRDA:122,2,0,6
BRDA:122,2,1,3
BRDA:128,3,0,10
BRDA:128,3,1,0
BRDA:128,4,0,10
BRDA:128,4,1,10
BRDA:139,5,0,1
BRDA:139,5,1,5
BRDA:141,6,0,1
BRDA:141,6,1,5
BRDA:141,7,0,6
BRDA:141,7,1,4
BRDA:145,8,0,3
BRDA:145,8,1,2
BRDA:150,9,0,2
BRDA:150,9,1,3
BRDA:151,10,0,1
BRDA:151,10,1,1
BRF:22
BRH:21
end_of_record
TN:
SF:js\src\scrollspy.js
FN:69,(anonymous_0)
FN:79,(anonymous_1)
FN:87,(anonymous_2)
FN:91,(anonymous_3)
FN:97,(anonymous_4)
FN:116,(anonymous_5)
FN:132,(anonymous_6)
FN:133,(anonymous_7)
FN:134,(anonymous_8)
FN:140,(anonymous_9)
FN:155,(anonymous_10)
FN:176,(anonymous_11)
FN:182,(anonymous_12)
FN:189,(anonymous_13)
FN:195,(anonymous_14)
FN:231,(anonymous_15)
FN:237,(anonymous_16)
FN:251,(anonymous_17)
FN:255,(anonymous_18)
FN:259,(anonymous_19)
FN:261,(anonymous_20)
FN:271,(anonymous_21)
FN:273,(anonymous_22)
FN:274,(anonymous_23)
FN:279,(anonymous_24)
FN:280,(anonymous_25)
FN:305,(anonymous_26)
FN:307,(anonymous_27)
FNF:28
FNH:25
FNDA:20,(anonymous_0)
FNDA:18,(anonymous_1)
FNDA:1,(anonymous_2)
FNDA:28,(anonymous_3)
FNDA:20,(anonymous_4)
FNDA:29,(anonymous_5)
FNDA:29,(anonymous_6)
FNDA:18,(anonymous_7)
FNDA:28,(anonymous_8)
FNDA:1,(anonymous_9)
FNDA:20,(anonymous_10)
FNDA:57,(anonymous_11)
FNDA:58,(anonymous_12)
FNDA:38,(anonymous_13)
FNDA:38,(anonymous_14)
FNDA:20,(anonymous_15)
FNDA:60,(anonymous_16)
FNDA:14,(anonymous_17)
FNDA:0,(anonymous_18)
FNDA:0,(anonymous_19)
FNDA:0,(anonymous_20)
FNDA:21,(anonymous_21)
FNDA:69,(anonymous_22)
FNDA:14,(anonymous_23)
FNDA:4,(anonymous_24)
FNDA:4,(anonymous_25)
FNDA:3,(anonymous_26)
FNDA:1,(anonymous_27)
DA:27,1
DA:28,1
DA:29,1
DA:30,1
DA:32,1
DA:38,1
DA:44,1
DA:45,1
DA:46,1
DA:48,1
DA:49,1
DA:51,1
DA:52,1
DA:53,1
DA:54,1
DA:55,1
DA:56,1
DA:57,1
DA:59,1
DA:60,1
DA:70,20
DA:71,20
DA:72,20
DA:73,20
DA:74,20
DA:75,20
DA:76,20
DA:77,20
DA:79,20
DA:81,20
DA:82,20
DA:88,1
DA:92,28
DA:98,20
DA:102,20
DA:106,20
DA:110,20
DA:111,20
DA:112,20
DA:114,20
DA:116,20
DA:117,29
DA:118,29
DA:120,29
DA:121,28
DA:122,28
DA:123,28
DA:130,1
DA:132,29
DA:133,18
DA:135,28
DA:136,28
DA:141,1
DA:142,1
DA:144,1
DA:145,1
DA:146,1
DA:147,1
DA:148,1
DA:149,1
DA:150,1
DA:156,20
DA:161,20
DA:162,2
DA:163,2
DA:164,1
DA:165,1
DA:168,2
DA:171,20
DA:173,20
DA:177,57
DA:183,58
DA:190,38
DA:196,38
DA:197,38
DA:198,38
DA:200,38
DA:201,0
DA:204,38
DA:205,1
DA:207,1
DA:208,1
DA:211,1
DA:214,37
DA:215,1
DA:216,1
DA:217,1
DA:220,36
DA:221,72
DA:225,72
DA:226,19
DA:232,20
DA:234,20
DA:236,20
DA:237,60
DA:239,20
DA:241,20
DA:242,0
DA:245,0
DA:248,20
DA:250,20
DA:254,14
DA:255,0
DA:258,14
DA:260,0
DA:261,0
DA:266,20
DA:272,21
DA:273,69
DA:274,14
DA:280,4
DA:281,4
DA:282,4
DA:284,4
DA:285,2
DA:288,4
DA:289,2
DA:290,1
DA:293,1
DA:305,1
DA:306,3
DA:307,1
DA:317,1
LF:123
LH:117
BRDA:71,0,0,0
BRDA:71,0,1,20
BRDA:98,1,0,0
BRDA:98,1,1,20
BRDA:102,2,0,18
BRDA:102,2,1,2
BRDA:106,3,0,19
BRDA:106,3,1,1
BRDA:118,4,0,28
BRDA:118,4,1,1
BRDA:120,5,0,28
BRDA:120,5,1,1
BRDA:122,6,0,28
BRDA:122,6,1,0
BRDA:122,7,0,28
BRDA:122,7,1,0
BRDA:158,8,0,14
BRDA:158,8,1,6
BRDA:158,9,0,20
BRDA:158,9,1,14
BRDA:161,10,0,2
BRDA:161,10,1,18
BRDA:161,11,0,20
BRDA:161,11,1,2
BRDA:163,12,0,1
BRDA:163,12,1,1
BRDA:177,13,0,0
BRDA:177,13,1,57
BRDA:183,14,0,58
BRDA:183,14,1,16
BRDA:190,15,0,0
BRDA:190,15,1,38
BRDA:200,16,0,0
BRDA:200,16,1,38
BRDA:204,17,0,1
BRDA:204,17,1,37
BRDA:207,18,0,1
BRDA:207,18,1,0
BRDA:214,19,0,1
BRDA:214,19,1,36
BRDA:214,20,0,37
BRDA:214,20,1,11
BRDA:214,20,2,1
BRDA:221,21,0,72
BRDA:221,21,1,67
BRDA:221,21,2,33
BRDA:221,21,3,29
BRDA:225,22,0,19
BRDA:225,22,1,53
BRDA:241,23,0,0
BRDA:241,23,1,20
BRDA:282,24,0,4
BRDA:282,24,1,0
BRDA:284,25,0,2
BRDA:284,25,1,2
BRDA:288,26,0,2
BRDA:288,26,1,2
BRDA:289,27,0,1
BRDA:289,27,1,1
BRF:59
BRH:49
end_of_record
TN:
SF:js\src\tab.js
FN:60,(anonymous_0)
FN:66,(anonymous_1)
FN:100,(anonymous_2)
FN:118,(anonymous_3)
FN:126,(anonymous_4)
FN:139,(anonymous_5)
FN:170,(anonymous_6)
FN:183,(anonymous_7)
FN:184,(anonymous_8)
FN:204,(anonymous_9)
FNF:10
FNH:9
FNDA:37,(anonymous_0)
FNDA:22,(anonymous_1)
FNDA:18,(anonymous_2)
FNDA:32,(anonymous_3)
FNDA:32,(anonymous_4)
FNDA:32,(anonymous_5)
FNDA:0,(anonymous_6)
FNDA:4,(anonymous_7)
FNDA:4,(anonymous_8)
FNDA:9,(anonymous_9)
DA:26,1
DA:27,1
DA:28,1
DA:29,1
DA:31,1
DA:32,1
DA:33,1
DA:34,1
DA:35,1
DA:37,1
DA:38,1
DA:39,1
DA:40,1
DA:41,1
DA:43,1
DA:44,1
DA:45,1
DA:46,1
DA:47,1
DA:48,1
DA:49,1
DA:61,37
DA:67,22
DA:71,2
DA:75,20
DA:76,20
DA:78,20
DA:79,20
DA:80,20
DA:81,20
DA:84,20
DA:90,20
DA:94,20
DA:95,2
DA:98,18
DA:100,18
DA:101,18
DA:104,18
DA:109,18
DA:110,14
DA:112,4
DA:119,32
DA:123,32
DA:124,32
DA:126,32
DA:128,32
DA:129,3
DA:130,3
DA:132,3
DA:133,3
DA:135,29
DA:140,32
DA:141,14
DA:143,14
DA:145,14
DA:146,1
DA:149,14
DA:150,5
DA:154,32
DA:155,32
DA:156,11
DA:159,32
DA:161,32
DA:162,5
DA:165,32
DA:166,0
DA:168,0
DA:169,0
DA:170,0
DA:173,0
DA:176,32
DA:177,14
DA:184,4
DA:185,4
DA:187,4
DA:188,2
DA:189,1
DA:192,1
DA:204,1
DA:205,9
DA:207,9
DA:208,9
DA:218,1
LF:83
LH:78
BRDA:67,0,0,2
BRDA:67,0,1,20
BRDA:67,1,0,22
BRDA:67,1,1,22
BRDA:67,1,2,22
BRDA:67,1,3,21
BRDA:78,2,0,20
BRDA:78,2,1,0
BRDA:79,3,0,15
BRDA:79,3,1,5
BRDA:79,4,0,20
BRDA:79,4,1,6
BRDA:84,5,0,8
BRDA:84,5,1,12
BRDA:94,6,0,2
BRDA:94,6,1,18
BRDA:94,7,0,20
BRDA:94,7,1,19
BRDA:94,7,2,8
BRDA:109,8,0,14
BRDA:109,8,1,4
BRDA:119,9,0,16
BRDA:119,9,1,16
BRDA:119,10,0,32
BRDA:119,10,1,32
BRDA:119,10,2,18
BRDA:124,11,0,32
BRDA:124,11,1,14
BRDA:124,11,2,7
BRDA:128,12,0,3
BRDA:128,12,1,29
BRDA:128,13,0,32
BRDA:128,13,1,14
BRDA:140,14,0,14
BRDA:140,14,1,18
BRDA:145,15,0,1
BRDA:145,15,1,13
BRDA:149,16,0,5
BRDA:149,16,1,9
BRDA:155,17,0,11
BRDA:155,17,1,21
BRDA:161,18,0,5
BRDA:161,18,1,27
BRDA:165,19,0,0
BRDA:165,19,1,32
BRDA:165,20,0,32
BRDA:165,20,1,31
BRDA:168,21,0,0
BRDA:168,21,1,0
BRDA:176,22,0,14
BRDA:176,22,1,18
BRDA:185,23,0,4
BRDA:185,23,1,2
BRDA:187,24,0,2
BRDA:187,24,1,2
BRDA:188,25,0,1
BRDA:188,25,1,1
BRDA:207,26,0,9
BRDA:207,26,1,9
BRF:59
BRH:55
end_of_record
TN:
SF:js\src\toast.js
FN:62,(anonymous_0)
FN:72,(anonymous_1)
FN:76,(anonymous_2)
FN:80,(anonymous_3)
FN:86,(anonymous_4)
FN:99,(anonymous_5)
FN:106,(anonymous_6)
FN:125,(anonymous_7)
FN:136,(anonymous_8)
FN:152,(anonymous_9)
FN:167,(anonymous_10)
FN:179,(anonymous_11)
FN:180,(anonymous_12)
FN:183,(anonymous_13)
FN:190,(anonymous_14)
FN:191,(anonymous_15)
FNF:16
FNH:16
FNDA:17,(anonymous_0)
FNDA:18,(anonymous_1)
FNDA:1,(anonymous_2)
FNDA:29,(anonymous_3)
FNDA:10,(anonymous_4)
FNDA:9,(anonymous_5)
FNDA:4,(anonymous_6)
FNDA:8,(anonymous_7)
FNDA:5,(anonymous_8)
FNDA:2,(anonymous_9)
FNDA:17,(anonymous_10)
FNDA:17,(anonymous_11)
FNDA:1,(anonymous_12)
FNDA:11,(anonymous_13)
FNDA:4,(anonymous_14)
FNDA:4,(anonymous_15)
DA:26,1
DA:27,1
DA:28,1
DA:30,1
DA:31,1
DA:32,1
DA:33,1
DA:34,1
DA:36,1
DA:37,1
DA:38,1
DA:39,1
DA:41,1
DA:47,1
DA:53,1
DA:63,17
DA:65,17
DA:66,17
DA:67,17
DA:73,18
DA:77,1
DA:81,29
DA:87,10
DA:89,10
DA:90,1
DA:93,9
DA:95,9
DA:96,6
DA:99,9
DA:100,9
DA:101,9
DA:103,9
DA:105,9
DA:106,5
DA:107,4
DA:112,9
DA:113,9
DA:114,9
DA:115,9
DA:116,6
DA:118,6
DA:119,6
DA:121,3
DA:126,8
DA:127,1
DA:130,7
DA:132,7
DA:133,2
DA:136,5
DA:137,5
DA:138,5
DA:141,5
DA:142,5
DA:143,3
DA:145,3
DA:146,3
DA:148,2
DA:153,2
DA:155,2
DA:156,1
DA:159,2
DA:161,2
DA:162,2
DA:168,17
DA:174,17
DA:176,17
DA:180,17
DA:184,11
DA:185,11
DA:191,4
DA:192,4
DA:193,4
DA:195,4
DA:196,2
DA:199,4
DA:200,2
DA:201,1
DA:204,1
DA:217,1
LF:79
LH:79
BRDA:89,0,0,1
BRDA:89,0,1,9
BRDA:95,1,0,6
BRDA:95,1,1,3
BRDA:105,2,0,5
BRDA:105,2,1,4
BRDA:115,3,0,6
BRDA:115,3,1,3
BRDA:126,4,0,1
BRDA:126,4,1,7
BRDA:132,5,0,2
BRDA:132,5,1,5
BRDA:142,6,0,3
BRDA:142,6,1,2
BRDA:155,7,0,1
BRDA:155,7,1,1
BRDA:171,8,0,1
BRDA:171,8,1,16
BRDA:171,9,0,17
BRDA:171,9,1,1
BRDA:193,10,0,4
BRDA:193,10,1,0
BRDA:195,11,0,2
BRDA:195,11,1,2
BRDA:199,12,0,2
BRDA:199,12,1,2
BRDA:200,13,0,1
BRDA:200,13,1,1
BRF:28
BRH:27
end_of_record
TN:
SF:js\src\tooltip.js
FN:127,(anonymous_0)
FN:150,(anonymous_1)
FN:154,(anonymous_2)
FN:158,(anonymous_3)
FN:162,(anonymous_4)
FN:166,(anonymous_5)
FN:170,(anonymous_6)
FN:176,(anonymous_7)
FN:180,(anonymous_8)
FN:184,(anonymous_9)
FN:188,(anonymous_10)
FN:219,(anonymous_11)
FN:243,(anonymous_12)
FN:301,(anonymous_13)
FN:306,(anonymous_14)
FN:327,(anonymous_15)
FN:333,(anonymous_16)
FN:359,(anonymous_17)
FN:378,(anonymous_18)
FN:386,(anonymous_19)
FN:390,(anonymous_20)
FN:402,(anonymous_21)
FN:408,(anonymous_22)
FN:442,(anonymous_23)
FN:454,(anonymous_24)
FN:468,(anonymous_25)
FN:495,(anonymous_26)
FN:498,(anonymous_27)
FN:511,(anonymous_28)
FN:515,(anonymous_29)
FN:527,(anonymous_30)
FN:531,(anonymous_31)
FN:534,(anonymous_32)
FN:536,(anonymous_33)
FN:546,(anonymous_34)
FN:547,(anonymous_35)
FN:551,(anonymous_36)
FN:570,(anonymous_37)
FN:584,(anonymous_38)
FN:616,(anonymous_39)
FN:623,(anonymous_40)
FN:654,(anonymous_41)
FN:661,(anonymous_42)
FN:671,(anonymous_43)
FN:674,(anonymous_44)
FN:714,(anonymous_45)
FN:728,(anonymous_46)
FN:732,(anonymous_47)
FN:733,(anonymous_48)
FN:737,(anonymous_49)
FN:751,(anonymous_50)
FN:752,(anonymous_51)
FNF:52
FNH:51
FNDA:77,(anonymous_0)
FNDA:84,(anonymous_1)
FNDA:66,(anonymous_2)
FNDA:131,(anonymous_3)
FNDA:362,(anonymous_4)
FNDA:5,(anonymous_5)
FNDA:68,(anonymous_6)
FNDA:1,(anonymous_7)
FNDA:2,(anonymous_8)
FNDA:1,(anonymous_9)
FNDA:8,(anonymous_10)
FNDA:4,(anonymous_11)
FNDA:40,(anonymous_12)
FNDA:959,(anonymous_13)
FNDA:37,(anonymous_14)
FNDA:9,(anonymous_15)
FNDA:7,(anonymous_16)
FNDA:182,(anonymous_17)
FNDA:2,(anonymous_18)
FNDA:36,(anonymous_19)
FNDA:296,(anonymous_20)
FNDA:33,(anonymous_21)
FNDA:51,(anonymous_22)
FNDA:81,(anonymous_23)
FNDA:102,(anonymous_24)
FNDA:38,(anonymous_25)
FNDA:65,(anonymous_26)
FNDA:36,(anonymous_27)
FNDA:88,(anonymous_28)
FNDA:37,(anonymous_29)
FNDA:102,(anonymous_30)
FNDA:77,(anonymous_31)
FNDA:139,(anonymous_32)
FNDA:4,(anonymous_33)
FNDA:6,(anonymous_34)
FNDA:1,(anonymous_35)
FNDA:0,(anonymous_36)
FNDA:76,(anonymous_37)
FNDA:11,(anonymous_38)
FNDA:2,(anonymous_39)
FNDA:4,(anonymous_40)
FNDA:1,(anonymous_41)
FNDA:8,(anonymous_42)
FNDA:77,(anonymous_43)
FNDA:11,(anonymous_44)
FNDA:1,(anonymous_45)
FNDA:62,(anonymous_46)
FNDA:63,(anonymous_47)
FNDA:63,(anonymous_48)
FNDA:94,(anonymous_49)
FNDA:5,(anonymous_50)
FNDA:5,(anonymous_51)
DA:37,2
DA:38,2
DA:39,2
DA:40,2
DA:41,2
DA:42,2
DA:44,2
DA:63,2
DA:71,2
DA:93,2
DA:106,2
DA:107,2
DA:108,2
DA:110,2
DA:111,2
DA:113,2
DA:115,2
DA:116,2
DA:117,2
DA:118,2
DA:128,77
DA:129,0
DA:132,77
DA:135,77
DA:136,77
DA:137,77
DA:138,77
DA:139,77
DA:142,77
DA:143,77
DA:145,77
DA:151,84
DA:155,66
DA:159,131
DA:163,362
DA:167,5
DA:171,68
DA:177,1
DA:181,2
DA:185,1
DA:189,8
DA:190,1
DA:193,7
DA:194,4
DA:195,4
DA:197,4
DA:198,1
DA:199,1
DA:202,4
DA:204,4
DA:205,3
DA:207,1
DA:210,3
DA:211,1
DA:212,1
DA:215,2
DA:220,4
DA:222,4
DA:223,4
DA:225,4
DA:226,1
DA:229,4
DA:230,4
DA:231,4
DA:232,4
DA:233,4
DA:234,2
DA:237,4
DA:238,4
DA:239,4
DA:240,4
DA:244,40
DA:245,1
DA:248,39
DA:249,38
DA:250,38
DA:251,38
DA:255,38
DA:256,1
DA:259,37
DA:260,37
DA:262,37
DA:263,37
DA:265,37
DA:267,37
DA:268,34
DA:271,37
DA:275,37
DA:276,37
DA:278,37
DA:279,37
DA:281,37
DA:282,37
DA:285,37
DA:287,37
DA:289,37
DA:291,37
DA:292,37
DA:293,4
DA:300,37
DA:301,37
DA:302,959
DA:306,37
DA:307,37
DA:309,37
DA:310,37
DA:312,37
DA:313,1
DA:317,37
DA:318,34
DA:319,34
DA:320,34
DA:322,3
DA:328,9
DA:329,1
DA:332,8
DA:333,8
DA:334,7
DA:335,7
DA:338,7
DA:339,7
DA:340,7
DA:342,7
DA:343,6
DA:344,6
DA:348,8
DA:349,8
DA:350,1
DA:353,7
DA:357,7
DA:358,7
DA:359,182
DA:362,7
DA:363,7
DA:364,7
DA:366,7
DA:367,6
DA:369,6
DA:370,6
DA:372,1
DA:375,7
DA:379,2
DA:380,1
DA:387,36
DA:391,296
DA:392,247
DA:395,49
DA:396,49
DA:398,49
DA:399,49
DA:403,33
DA:404,33
DA:405,33
DA:409,51
DA:410,1
DA:413,50
DA:414,4
DA:415,1
DA:419,4
DA:420,3
DA:421,2
DA:422,2
DA:425,1
DA:428,4
DA:431,46
DA:432,2
DA:433,1
DA:436,2
DA:438,44
DA:443,81
DA:445,81
DA:446,6
DA:451,81
DA:455,102
DA:456,46
DA:459,56
DA:460,2
DA:463,54
DA:469,38
DA:495,65
DA:499,36
DA:500,29
DA:505,38
DA:512,88
DA:516,37
DA:517,34
DA:520,3
DA:521,2
DA:524,1
DA:528,102
DA:532,77
DA:534,77
DA:535,139
DA:536,14
DA:538,125
DA:539,124
DA:542,124
DA:546,124
DA:547,124
DA:551,77
DA:552,0
DA:553,0
DA:557,77
DA:559,77
DA:560,1
DA:566,76
DA:571,76
DA:572,76
DA:574,76
DA:575,76
DA:576,76
DA:577,52
DA:580,76
DA:585,11
DA:586,11
DA:588,11
DA:589,0
DA:593,0
DA:596,11
DA:597,6
DA:602,11
DA:603,2
DA:604,2
DA:607,9
DA:609,9
DA:611,9
DA:612,7
DA:613,7
DA:616,2
DA:617,2
DA:618,2
DA:624,4
DA:625,4
DA:627,4
DA:628,0
DA:632,0
DA:635,4
DA:636,1
DA:641,4
DA:642,0
DA:645,4
DA:647,4
DA:649,4
DA:650,2
DA:651,2
DA:654,2
DA:655,1
DA:656,0
DA:662,8
DA:663,7
DA:664,3
DA:668,5
DA:672,77
DA:674,77
DA:675,11
DA:676,1
DA:680,77
DA:681,1
DA:684,77
DA:690,77
DA:691,75
DA:697,77
DA:698,1
DA:701,77
DA:702,1
DA:705,77
DA:707,77
DA:708,76
DA:711,77
DA:715,1
DA:717,1
DA:718,1
DA:719,16
DA:720,3
DA:725,1
DA:729,62
DA:730,62
DA:731,62
DA:732,63
DA:733,63
DA:738,94
DA:740,94
DA:741,29
DA:744,65
DA:745,65
DA:746,65
DA:752,5
DA:753,5
DA:754,5
DA:756,5
DA:757,1
DA:760,4
DA:761,2
DA:764,4
DA:765,2
DA:766,1
DA:769,1
DA:782,2
LF:298
LH:289
BRDA:66,0,0,0
BRDA:66,0,1,2
BRDA:68,1,0,0
BRDA:68,1,1,2
BRDA:128,2,0,0
BRDA:128,2,1,77
BRDA:189,3,0,1
BRDA:189,3,1,7
BRDA:193,4,0,4
BRDA:193,4,1,3
BRDA:197,5,0,1
BRDA:197,5,1,3
BRDA:204,6,0,3
BRDA:204,6,1,1
BRDA:210,7,0,1
BRDA:210,7,1,2
BRDA:225,8,0,1
BRDA:225,8,1,3
BRDA:225,9,0,4
BRDA:225,9,1,2
BRDA:233,10,0,2
BRDA:233,10,1,2
BRDA:244,11,0,1
BRDA:244,11,1,39
BRDA:248,12,0,38
BRDA:248,12,1,1
BRDA:248,13,0,39
BRDA:248,13,1,39
BRDA:251,14,0,38
BRDA:251,14,1,0
BRDA:255,15,0,1
BRDA:255,15,1,37
BRDA:255,16,0,38
BRDA:255,16,1,37
BRDA:267,17,0,34
BRDA:267,17,1,3
BRDA:271,18,0,1
BRDA:271,18,1,36
BRDA:281,19,0,37
BRDA:281,19,1,0
BRDA:291,20,0,1
BRDA:291,20,1,36
BRDA:292,21,0,4
BRDA:292,21,1,33
BRDA:300,22,0,37
BRDA:300,22,1,0
BRDA:312,23,0,1
BRDA:312,23,1,36
BRDA:317,24,0,34
BRDA:317,24,1,3
BRDA:328,25,0,1
BRDA:328,25,1,8
BRDA:334,26,0,7
BRDA:334,26,1,0
BRDA:334,27,0,7
BRDA:334,27,1,7
BRDA:342,28,0,6
BRDA:342,28,1,1
BRDA:349,29,0,1
BRDA:349,29,1,7
BRDA:357,30,0,7
BRDA:357,30,1,0
BRDA:366,31,0,6
BRDA:366,31,1,1
BRDA:379,32,0,1
BRDA:379,32,1,1
BRDA:391,33,0,247
BRDA:391,33,1,49
BRDA:409,34,0,1
BRDA:409,34,1,50
BRDA:413,35,0,4
BRDA:413,35,1,46
BRDA:413,36,0,50
BRDA:413,36,1,4
BRDA:414,37,0,1
BRDA:414,37,1,3
BRDA:419,38,0,3
BRDA:419,38,1,1
BRDA:420,39,0,2
BRDA:420,39,1,1
BRDA:431,40,0,2
BRDA:431,40,1,44
BRDA:432,41,0,1
BRDA:432,41,1,1
BRDA:445,42,0,6
BRDA:445,42,1,75
BRDA:446,43,0,3
BRDA:446,43,1,3
BRDA:455,44,0,46
BRDA:455,44,1,56
BRDA:459,45,0,2
BRDA:459,45,1,54
BRDA:499,46,0,29
BRDA:499,46,1,7
BRDA:516,47,0,34
BRDA:516,47,1,3
BRDA:520,48,0,2
BRDA:520,48,1,1
BRDA:535,49,0,14
BRDA:535,49,1,125
BRDA:538,50,0,124
BRDA:538,50,1,1
BRDA:539,51,0,62
BRDA:539,51,1,62
BRDA:542,52,0,62
BRDA:542,52,1,62
BRDA:552,53,0,0
BRDA:552,53,1,0
BRDA:559,54,0,1
BRDA:559,54,1,76
BRDA:574,55,0,76
BRDA:574,55,1,0
BRDA:574,56,0,76
BRDA:574,56,1,12
BRDA:575,57,0,76
BRDA:575,57,1,12
BRDA:576,58,0,52
BRDA:576,58,1,24
BRDA:576,59,0,76
BRDA:576,59,1,64
BRDA:576,59,2,63
BRDA:586,60,0,11
BRDA:586,60,1,6
BRDA:588,61,0,0
BRDA:588,61,1,11
BRDA:596,62,0,6
BRDA:596,62,1,5
BRDA:598,63,0,0
BRDA:598,63,1,6
BRDA:602,64,0,2
BRDA:602,64,1,9
BRDA:602,65,0,11
BRDA:602,65,1,10
BRDA:611,66,0,7
BRDA:611,66,1,2
BRDA:611,67,0,9
BRDA:611,67,1,9
BRDA:617,68,0,2
BRDA:617,68,1,0
BRDA:625,69,0,4
BRDA:625,69,1,1
BRDA:627,70,0,0
BRDA:627,70,1,4
BRDA:635,71,0,1
BRDA:635,71,1,3
BRDA:637,72,0,0
BRDA:637,72,1,1
BRDA:641,73,0,0
BRDA:641,73,1,4
BRDA:649,74,0,2
BRDA:649,74,1,2
BRDA:649,75,0,4
BRDA:649,75,1,4
BRDA:655,76,0,0
BRDA:655,76,1,1
BRDA:663,77,0,3
BRDA:663,77,1,4
BRDA:675,78,0,1
BRDA:675,78,1,10
BRDA:680,79,0,1
BRDA:680,79,1,76
BRDA:680,80,0,77
BRDA:680,80,1,30
BRDA:680,80,2,2
BRDA:687,81,0,30
BRDA:687,81,1,47
BRDA:687,82,0,77
BRDA:687,82,1,32
BRDA:690,83,0,75
BRDA:690,83,1,2
BRDA:697,84,0,1
BRDA:697,84,1,76
BRDA:701,85,0,1
BRDA:701,85,1,76
BRDA:707,86,0,76
BRDA:707,86,1,1
BRDA:717,87,0,1
BRDA:717,87,1,0
BRDA:719,88,0,3
BRDA:719,88,1,13
BRDA:731,89,0,62
BRDA:731,89,1,0
BRDA:731,90,0,62
BRDA:731,90,1,62
BRDA:740,91,0,29
BRDA:740,91,1,65
BRDA:754,92,0,5
BRDA:754,92,1,0
BRDA:756,93,0,1
BRDA:756,93,1,4
BRDA:756,94,0,5
BRDA:756,94,1,3
BRDA:760,95,0,2
BRDA:760,95,1,2
BRDA:764,96,0,2
BRDA:764,96,1,2
BRDA:765,97,0,1
BRDA:765,97,1,1
BRF:198
BRH:177
end_of_record
TN:
SF:js\src\dom\data.js
FN:14,(anonymous_0)
FNF:1
FNH:1
FNDA:12,(anonymous_0)
DA:14,12
DA:15,12
DA:16,12
DA:17,12
DA:19,405
DA:20,384
DA:24,384
DA:27,405
DA:30,296
DA:31,130
DA:34,166
DA:35,166
DA:36,165
DA:39,1
DA:42,18
DA:43,1
DA:46,17
DA:47,17
DA:48,16
DA:49,16
DA:55,12
DA:57,405
DA:60,296
DA:63,18
LF:24
LH:24
BRDA:19,0,0,384
BRDA:19,0,1,21
BRDA:30,1,0,130
BRDA:30,1,1,166
BRDA:30,2,0,296
BRDA:30,2,1,294
BRDA:35,3,0,165
BRDA:35,3,1,1
BRDA:42,4,0,1
BRDA:42,4,1,17
BRDA:47,5,0,16
BRDA:47,5,1,1
BRF:12
BRH:12
end_of_record
TN:
SF:js\src\dom\event-handler.js
FN:80,getUidEvent
FN:84,getEvent
FN:93,universalHandler
FN:94,handler
FN:105,universalDelegationHandler
FN:106,handler
FN:128,findHandler
FN:142,normalizeParams
FN:163,addHandler
FN:198,removeHandler
FN:209,removeNamespacedHandlers
FN:212,(anonymous_11)
FN:251,(anonymous_12)
FN:257,(anonymous_13)
FN:305,(anonymous_14)
FNF:15
FNH:15
FNDA:5950,getUidEvent
FNDA:3293,getEvent
FNDA:2592,universalHandler
FNDA:285,handler
FNDA:65,universalDelegationHandler
FNDA:786,handler
FNDA:3322,findHandler
FNDA:3293,normalizeParams
FNDA:2736,addHandler
FNDA:665,removeHandler
FNDA:20,removeNamespacedHandlers
FNDA:20,(anonymous_11)
FNDA:20,(anonymous_12)
FNDA:128,(anonymous_13)
FNDA:364,(anonymous_14)
DA:16,12
DA:17,12
DA:18,12
DA:19,12
DA:20,12
DA:21,12
DA:25,12
DA:81,5950
DA:85,3293
DA:87,3293
DA:88,3293
DA:90,3293
DA:94,2592
DA:95,285
DA:97,285
DA:98,140
DA:101,285
DA:106,65
DA:107,786
DA:109,786
DA:110,3447
DA:111,264
DA:112,86
DA:114,86
DA:115,0
DA:118,86
DA:124,700
DA:129,3322
DA:131,3322
DA:132,31702
DA:134,31702
DA:135,284
DA:139,3038
DA:143,3293
DA:144,3293
DA:147,3293
DA:148,3293
DA:150,3293
DA:151,206
DA:154,3293
DA:156,3293
DA:157,304
DA:160,3293
DA:164,2736
DA:165,79
DA:168,2657
DA:169,1061
DA:170,1061
DA:173,2657
DA:174,2657
DA:175,2657
DA:176,2657
DA:178,2657
DA:179,0
DA:181,0
DA:184,2657
DA:185,2657
DA:189,2657
DA:190,2657
DA:191,2657
DA:192,2657
DA:193,2657
DA:195,2657
DA:199,665
DA:201,665
DA:202,381
DA:205,284
DA:206,284
DA:210,20
DA:212,20
DA:213,20
DA:214,15
DA:216,15
DA:221,12
DA:223,2592
DA:227,144
DA:231,645
DA:232,9
DA:235,636
DA:236,636
DA:237,636
DA:238,636
DA:240,636
DA:242,523
DA:243,0
DA:246,523
DA:247,523
DA:250,113
DA:251,6
DA:252,20
DA:256,113
DA:257,113
DA:258,128
DA:260,128
DA:261,127
DA:263,127
DA:269,593
DA:270,11
DA:273,582
DA:274,582
DA:275,582
DA:276,582
DA:279,582
DA:280,582
DA:281,582
DA:282,582
DA:284,582
DA:285,0
DA:287,0
DA:288,0
DA:289,0
DA:290,0
DA:293,582
DA:294,12
DA:295,12
DA:297,570
DA:304,582
DA:305,265
DA:306,364
DA:308,17
DA:314,582
DA:315,0
DA:318,582
DA:319,582
DA:322,582
DA:323,0
DA:326,582
LF:127
LH:116
BRDA:81,0,0,5950
BRDA:81,0,1,784
BRDA:81,0,2,5166
BRDA:81,0,3,2279
BRDA:88,1,0,3293
BRDA:88,1,1,458
BRDA:97,2,0,140
BRDA:97,2,1,145
BRDA:109,3,0,4147
BRDA:109,3,1,4131
BRDA:111,4,0,86
BRDA:111,4,1,178
BRDA:114,5,0,0
BRDA:114,5,1,86
BRDA:128,6,0,0
BRDA:134,7,0,284
BRDA:134,7,1,31418
BRDA:134,8,0,31702
BRDA:134,8,1,288
BRDA:144,9,0,67
BRDA:144,9,1,3226
BRDA:150,10,0,206
BRDA:150,10,1,3087
BRDA:156,11,0,304
BRDA:156,11,1,2989
BRDA:164,12,0,79
BRDA:164,12,1,2657
BRDA:164,13,0,2736
BRDA:164,13,1,2735
BRDA:168,14,0,1061
BRDA:168,14,1,1596
BRDA:175,15,0,2657
BRDA:175,15,1,898
BRDA:176,16,0,65
BRDA:176,16,1,2592
BRDA:178,17,0,0
BRDA:178,17,1,2657
BRDA:179,18,0,0
BRDA:179,18,1,0
BRDA:185,19,0,65
BRDA:185,19,1,2592
BRDA:189,20,0,65
BRDA:189,20,1,2592
BRDA:201,21,0,381
BRDA:201,21,1,284
BRDA:210,22,0,20
BRDA:210,22,1,0
BRDA:213,23,0,15
BRDA:213,23,1,5
BRDA:231,24,0,9
BRDA:231,24,1,636
BRDA:231,25,0,645
BRDA:231,25,1,644
BRDA:240,26,0,523
BRDA:240,26,1,113
BRDA:242,27,0,0
BRDA:242,27,1,523
BRDA:242,28,0,523
BRDA:242,28,1,523
BRDA:246,29,0,1
BRDA:246,29,1,522
BRDA:250,30,0,6
BRDA:250,30,1,107
BRDA:256,31,0,113
BRDA:256,31,1,10
BRDA:260,32,0,127
BRDA:260,32,1,1
BRDA:260,33,0,128
BRDA:260,33,1,121
BRDA:269,34,0,11
BRDA:269,34,1,582
BRDA:269,35,0,593
BRDA:269,35,1,593
BRDA:284,36,0,0
BRDA:284,36,1,582
BRDA:284,37,0,582
BRDA:284,37,1,563
BRDA:293,38,0,12
BRDA:293,38,1,570
BRDA:304,39,0,265
BRDA:304,39,1,317
BRDA:314,40,0,0
BRDA:314,40,1,582
BRDA:318,41,0,582
BRDA:318,41,1,0
BRDA:322,42,0,0
BRDA:322,42,1,582
BRDA:322,43,0,582
BRDA:322,43,1,17
BRF:89
BRH:78
end_of_record
TN:
SF:js\src\dom\manipulator.js
FN:8,normalizeData
FN:28,normalizeDataKey
FN:29,(anonymous_2)
FN:49,(anonymous_3)
FN:50,(anonymous_4)
FNF:5
FNH:5
FNDA:163,normalizeData
FNDA:77,normalizeDataKey
FNDA:3,(anonymous_2)
FNDA:143,(anonymous_3)
FNDA:140,(anonymous_4)
DA:9,163
DA:10,1
DA:13,162
DA:14,12
DA:17,150
DA:18,9
DA:21,141
DA:22,1
DA:25,140
DA:29,77
DA:32,9
DA:34,36
DA:38,18
DA:42,231
DA:43,1
DA:46,230
DA:48,230
DA:49,143
DA:51,140
DA:52,140
DA:53,140
DA:56,230
DA:60,23
DA:64,6
DA:66,6
DA:73,41
LF:26
LH:26
BRDA:9,0,0,1
BRDA:9,0,1,162
BRDA:13,1,0,12
BRDA:13,1,1,150
BRDA:17,2,0,9
BRDA:17,2,1,141
BRDA:21,3,0,1
BRDA:21,3,1,140
BRDA:21,4,0,141
BRDA:21,4,1,140
BRDA:42,5,0,1
BRDA:42,5,1,230
BRF:12
BRH:12
end_of_record
TN:
SF:js\src\dom\selector-engine.js
FN:27,(anonymous_0)
FNF:1
FNH:1
FNDA:38,(anonymous_0)
DA:14,9
DA:16,9
DA:18,621
DA:22,324
DA:26,17
DA:27,38
DA:31,21
DA:33,21
DA:35,21
DA:36,118
DA:37,15
DA:40,118
DA:43,21
DA:47,32
DA:49,32
DA:50,5
DA:51,4
DA:54,1
DA:57,28
DA:61,58
DA:63,58
DA:64,55
DA:65,54
DA:68,1
DA:71,4
LF:25
LH:25
BRDA:17,0,0,415
BRDA:21,1,0,99
BRDA:35,2,0,139
BRDA:35,2,1,139
BRDA:35,2,2,118
BRDA:36,3,0,15
BRDA:36,3,1,103
BRDA:50,4,0,4
BRDA:50,4,1,1
BRDA:64,5,0,54
BRDA:64,5,1,1
BRF:11
BRH:11
end_of_record
TN:
SF:js\src\util\index.js
FN:13,(anonymous_0)
FN:27,(anonymous_1)
FN:35,(anonymous_2)
FN:47,(anonymous_3)
FN:57,(anonymous_4)
FN:63,(anonymous_5)
FN:86,(anonymous_6)
FN:90,(anonymous_7)
FN:92,(anonymous_8)
FN:97,listener
FN:103,(anonymous_10)
FN:110,(anonymous_11)
FN:111,(anonymous_12)
FN:127,(anonymous_13)
FN:144,(anonymous_14)
FN:167,(anonymous_15)
FN:167,(anonymous_16)
FN:169,(anonymous_17)
FN:171,(anonymous_18)
FN:181,(anonymous_19)
FN:191,(anonymous_20)
FN:192,(anonymous_21)
FNF:22
FNH:22
FNDA:2159,(anonymous_0)
FNDA:40,(anonymous_1)
FNDA:272,(anonymous_2)
FNDA:111,(anonymous_3)
FNDA:161,(anonymous_4)
FNDA:131,(anonymous_5)
FNDA:131,(anonymous_6)
FNDA:1482,(anonymous_7)
FNDA:132,(anonymous_8)
FNDA:131,listener
FNDA:131,(anonymous_10)
FNDA:307,(anonymous_11)
FNDA:2167,(anonymous_12)
FNDA:24,(anonymous_13)
FNDA:42,(anonymous_14)
FNDA:2035,(anonymous_15)
FNDA:5,(anonymous_16)
FNDA:82,(anonymous_17)
FNDA:610,(anonymous_18)
FNDA:15,(anonymous_19)
FNDA:13,(anonymous_20)
FNDA:25,(anonymous_21)
DA:8,13
DA:9,13
DA:10,13
DA:13,13
DA:14,2159
DA:15,209
DA:18,1950
DA:27,13
DA:28,40
DA:29,40
DA:32,40
DA:35,13
DA:36,272
DA:38,272
DA:39,230
DA:41,230
DA:44,272
DA:47,13
DA:48,111
DA:50,111
DA:51,102
DA:54,9
DA:57,13
DA:58,161
DA:60,161
DA:63,13
DA:64,131
DA:65,2
DA:69,129
DA:71,129
DA:72,129
DA:75,129
DA:76,127
DA:80,2
DA:81,2
DA:83,2
DA:86,13
DA:87,131
DA:90,1482
DA:92,13
DA:93,132
DA:94,132
DA:95,132
DA:98,131
DA:99,131
DA:102,132
DA:103,132
DA:104,131
DA:105,128
DA:110,13
DA:111,307
DA:112,2167
DA:113,2167
DA:114,2167
DA:118,2167
DA:119,1
DA:127,13
DA:128,24
DA:129,2
DA:132,22
DA:133,21
DA:134,21
DA:136,21
DA:141,1
DA:144,13
DA:145,42
DA:146,0
DA:150,42
DA:151,42
DA:152,42
DA:155,0
DA:156,0
DA:160,0
DA:161,0
DA:164,0
DA:167,2035
DA:169,82
DA:171,13
DA:172,610
DA:174,610
DA:175,2
DA:178,608
DA:181,13
DA:182,15
DA:183,13
DA:185,2
DA:189,13
DA:191,13
DA:192,13
DA:193,25
DA:195,25
LF:91
LH:85
BRDA:14,0,0,209
BRDA:14,0,1,1950
BRDA:14,1,0,2159
BRDA:14,1,1,1951
BRDA:38,2,0,230
BRDA:38,2,1,42
BRDA:38,3,0,272
BRDA:38,3,1,43
BRDA:41,4,0,127
BRDA:41,4,1,103
BRDA:41,5,0,230
BRDA:41,5,1,136
BRDA:50,6,0,102
BRDA:50,6,1,9
BRDA:51,7,0,101
BRDA:51,7,1,1
BRDA:60,8,0,67
BRDA:60,8,1,94
BRDA:64,9,0,2
BRDA:64,9,1,129
BRDA:75,10,0,127
BRDA:75,10,1,2
BRDA:75,11,0,129
BRDA:75,11,1,127
BRDA:90,12,0,1482
BRDA:90,12,1,768
BRDA:104,13,0,128
BRDA:104,13,1,3
BRDA:114,14,0,8
BRDA:114,14,1,2159
BRDA:114,15,0,2167
BRDA:114,15,1,1415
BRDA:118,16,0,1
BRDA:118,16,1,2166
BRDA:128,17,0,2
BRDA:128,17,1,22
BRDA:132,18,0,21
BRDA:132,18,1,1
BRDA:132,19,0,22
BRDA:132,19,1,21
BRDA:132,19,2,21
BRDA:136,20,0,21
BRDA:136,20,1,17
BRDA:136,20,2,15
BRDA:145,21,0,0
BRDA:145,21,1,42
BRDA:150,22,0,42
BRDA:150,22,1,0
BRDA:152,23,0,2
BRDA:152,23,1,40
BRDA:155,24,0,0
BRDA:155,24,1,0
BRDA:160,25,0,0
BRDA:160,25,1,0
BRDA:174,26,0,2
BRDA:174,26,1,608
BRDA:174,27,0,610
BRDA:174,27,1,3
BRDA:182,28,0,13
BRDA:182,28,1,2
BRDA:195,29,0,24
BRF:61
BRH:55
end_of_record
TN:
SF:js\src\util\sanitizer.js
FN:35,(anonymous_0)
FN:46,(anonymous_1)
FN:92,sanitizeHtml
FN:119,(anonymous_3)
FNF:4
FNH:4
FNDA:319,(anonymous_0)
FNDA:6,(anonymous_1)
FNDA:82,sanitizeHtml
FNDA:319,(anonymous_3)
DA:8,3
DA:19,3
DA:26,3
DA:33,3
DA:35,3
DA:36,319
DA:38,319
DA:39,318
DA:40,1
DA:43,317
DA:46,6
DA:49,1
DA:50,1
DA:51,1
DA:55,0
DA:58,3
DA:93,82
DA:94,1
DA:97,81
DA:98,1
DA:101,80
DA:102,80
DA:103,80
DA:104,80
DA:106,80
DA:107,248
DA:108,248
DA:110,248
DA:111,2
DA:113,2
DA:116,246
DA:117,246
DA:119,246
DA:120,319
DA:121,1
DA:126,80
LF:36
LH:35
BRDA:38,0,0,318
BRDA:38,0,1,1
BRDA:39,1,0,1
BRDA:39,1,1,317
BRDA:40,2,0,1
BRDA:40,2,1,1
BRDA:50,3,0,1
BRDA:50,3,1,0
BRDA:93,4,0,1
BRDA:93,4,1,81
BRDA:97,5,0,1
BRDA:97,5,1,80
BRDA:97,6,0,81
BRDA:97,6,1,1
BRDA:110,7,0,2
BRDA:110,7,1,246
BRDA:117,8,0,246
BRDA:117,8,1,0
BRDA:117,9,0,246
BRDA:117,9,1,0
BRDA:120,10,0,1
BRDA:120,10,1,318
BRF:22
BRH:19
end_of_record
